<?xml version="1.0" encoding="UTF-8"?>
<!-- Generated by org.testng.reporters.JUnitReportReporter -->
<testsuite hostname="SUNIL-HPZ400" failures="0" tests="4" name="test.BasicValidation" time="0.051" errors="0" timestamp="2021-06-07T15:46:36 GST" skipped="0">
  <testcase classname="test.BasicValidation" name="verifyTitle" time="0.011"/>
  <system-out/>
  <testcase classname="test.BasicValidation" name="verifyUrl" time="0.004"/>
  <system-out/>
  <testcase classname="test.BasicValidation" name="verifyTitle" time="0.025"/>
  <system-out/>
  <testcase classname="test.BasicValidation" name="verifyUrl" time="0.011"/>
  <system-out/>
</testsuite> <!-- test.BasicValidation -->
