<?xml version="1.0" encoding="UTF-8"?>
<!-- Generated by org.testng.reporters.JUnitReportReporter -->
<testsuite hostname="SUNIL-HPZ400" failures="0" tests="2" name="test.BasicValidationTest" time="0.023" errors="0" timestamp="2021-07-11T06:15:20 GST" skipped="0">
  <testcase classname="test.BasicValidationTest" name="verifyUrl" time="0.008"/>
  <system-out/>
  <testcase classname="test.BasicValidationTest" name="verifyTitle" time="0.015"/>
  <system-out/>
</testsuite> <!-- test.BasicValidationTest -->
